0 info it worked if it ends with ok
1 verbose cli [ 'C:\\Program Files\\nodejs\\node.exe',
1 verbose cli   'C:\\Program Files\\nodejs\\node_modules\\npm\\bin\\npm-cli.js',
1 verbose cli   'run',
1 verbose cli   'test' ]
2 info using npm@4.0.5
3 info using node@v7.4.0
4 verbose run-script [ 'pretest', 'test', 'posttest' ]
5 info lifecycle med@0.0.1~pretest: med@0.0.1
6 silly lifecycle med@0.0.1~pretest: no script for pretest, continuing
7 info lifecycle med@0.0.1~test: med@0.0.1
8 verbose lifecycle med@0.0.1~test: unsafe-perm in lifecycle true
9 verbose lifecycle med@0.0.1~test: PATH: C:\Program Files\nodejs\node_modules\npm\bin\node-gyp-bin;D:\projects\med\node_modules\.bin;C:\ProgramData\Oracle\Java\javapath;c:\program files\graphicsmagick-1.3.25-q8;C:\Program Files (x86)\Common Files\Intel\Shared Files\cpp\bin\Intel64;C:\WINDOWS\system32;C:\WINDOWS;C:\WINDOWS\System32\Wbem;C:\WINDOWS\System32\WindowsPowerShell\v1.0\;C:\Program Files (x86)\Windows Live\Shared;C:\Program Files\nodejs\;C:\Program Files (x86)\Skype\Phone\;C:\Program Files\Git\cmd;C:\Users\Виктор\AppData\Local\Microsoft\WindowsApps;C:\Users\Виктор\AppData\Roaming\npm;C:\Program Files\Microsoft VS Code\bin;C:\Program Files\Heroku\bin
10 verbose lifecycle med@0.0.1~test: CWD: D:\projects\med
11 silly lifecycle med@0.0.1~test: Args: [ '/d /s /c', 'mocha' ]
12 silly lifecycle med@0.0.1~test: Returned: code: 10  signal: null
13 info lifecycle med@0.0.1~test: Failed to exec test script
14 verbose stack Error: med@0.0.1 test: `mocha`
14 verbose stack Exit status 10
14 verbose stack     at EventEmitter.<anonymous> (C:\Program Files\nodejs\node_modules\npm\lib\utils\lifecycle.js:279:16)
14 verbose stack     at emitTwo (events.js:106:13)
14 verbose stack     at EventEmitter.emit (events.js:191:7)
14 verbose stack     at ChildProcess.<anonymous> (C:\Program Files\nodejs\node_modules\npm\lib\utils\spawn.js:40:14)
14 verbose stack     at emitTwo (events.js:106:13)
14 verbose stack     at ChildProcess.emit (events.js:191:7)
14 verbose stack     at maybeClose (internal/child_process.js:885:16)
14 verbose stack     at Process.ChildProcess._handle.onexit (internal/child_process.js:226:5)
15 verbose pkgid med@0.0.1
16 verbose cwd D:\projects\med
17 error Windows_NT 10.0.14393
18 error argv "C:\\Program Files\\nodejs\\node.exe" "C:\\Program Files\\nodejs\\node_modules\\npm\\bin\\npm-cli.js" "run" "test"
19 error node v7.4.0
20 error npm  v4.0.5
21 error code ELIFECYCLE
22 error med@0.0.1 test: `mocha`
22 error Exit status 10
23 error Failed at the med@0.0.1 test script 'mocha'.
23 error Make sure you have the latest version of node.js and npm installed.
23 error If you do, this is most likely a problem with the med package,
23 error not with npm itself.
23 error Tell the author that this fails on your system:
23 error     mocha
23 error You can get information on how to open an issue for this project with:
23 error     npm bugs med
23 error Or if that isn't available, you can get their info via:
23 error     npm owner ls med
23 error There is likely additional logging output above.
24 verbose exit [ 1, true ]
